<?xml version="1.0" encoding="UTF-8"?>
<!-- Generated by org.testng.reporters.JUnitXMLReporter -->
<testsuite ignored="0" hostname="HarshadD-PC" failures="0" tests="3" name="Default test" time="8.556" errors="0" timestamp="2019-09-10T19:34:03 IST">
  <testcase classname="AceInvoice.SignIn" name="signIn" time="3.393"/>
  <testcase classname="AceInvoice.SignIn" name="CreateAccount" time="3.657"/>
  <testcase classname="AceInvoice.SignIn" name="verifyAccount" time="1.427"/>
</testsuite> <!-- Default test -->
