<?xml version="1.0" encoding="UTF-8"?>
<!-- Generated by org.testng.reporters.JUnitXMLReporter -->
<testsuite ignored="0" hostname="HarshadD-PC" failures="0" tests="3" name="Default test" time="13.443" errors="0" timestamp="2019-09-13T18:31:38 IST">
  <testcase classname="AceInvoice.SignIn" name="signIn" time="4.719"/>
  <testcase classname="AceInvoice.SignIn" name="CreateAccount" time="6.232"/>
  <testcase classname="AceInvoice.SignIn" name="verifyAccount" time="1.795"/>
</testsuite> <!-- Default test -->
