<?xml version="1.0" encoding="UTF-8"?>
<testng-results ignored="0" total="3" passed="3" failed="0" skipped="0">
  <reporter-output>
  </reporter-output>
  <suite started-at="2019-09-13T19:44:02 IST" name="Default suite" finished-at="2019-09-13T19:44:14 IST" duration-ms="11878">
    <groups>
    </groups>
    <test started-at="2019-09-13T19:44:02 IST" name="Default test" finished-at="2019-09-13T19:44:14 IST" duration-ms="11878">
      <class name="AceInvoice.SignIn">
        <test-method is-config="true" signature="beforeClass()[pri:0, instance:AceInvoice.SignIn@46cf05f7]" started-at="2019-09-13T19:44:02 IST" name="beforeClass" finished-at="2019-09-13T19:44:03 IST" duration-ms="67" status="PASS">
          <reporter-output>
          </reporter-output>
        </test-method> <!-- beforeClass -->
        <test-method signature="signIn()[pri:1, instance:AceInvoice.SignIn@46cf05f7]" started-at="2019-09-13T19:44:03 IST" name="signIn" finished-at="2019-09-13T19:44:07 IST" duration-ms="4573" status="PASS">
          <reporter-output>
          </reporter-output>
        </test-method> <!-- signIn -->
        <test-method signature="CreateAccount()[pri:2, instance:AceInvoice.SignIn@46cf05f7]" started-at="2019-09-13T19:44:07 IST" name="CreateAccount" finished-at="2019-09-13T19:44:12 IST" duration-ms="4818" status="PASS">
          <reporter-output>
          </reporter-output>
        </test-method> <!-- CreateAccount -->
        <test-method signature="verifyAccount()[pri:3, instance:AceInvoice.SignIn@46cf05f7]" started-at="2019-09-13T19:44:12 IST" name="verifyAccount" finished-at="2019-09-13T19:44:13 IST" duration-ms="1498" status="PASS">
          <reporter-output>
          </reporter-output>
        </test-method> <!-- verifyAccount -->
        <test-method is-config="true" signature="afterClass()[pri:0, instance:AceInvoice.SignIn@46cf05f7]" started-at="2019-09-13T19:44:13 IST" name="afterClass" finished-at="2019-09-13T19:44:14 IST" duration-ms="858" status="PASS">
          <reporter-output>
          </reporter-output>
        </test-method> <!-- afterClass -->
      </class> <!-- AceInvoice.SignIn -->
    </test> <!-- Default test -->
  </suite> <!-- Default suite -->
</testng-results>
