<?xml version="1.0" encoding="UTF-8"?>
<testng-results ignored="0" total="3" passed="3" failed="0" skipped="0">
  <reporter-output>
  </reporter-output>
  <suite started-at="2019-09-10T19:41:55 IST" name="Suite" finished-at="2019-09-10T19:42:04 IST" duration-ms="8207">
    <groups>
    </groups>
    <test started-at="2019-09-10T19:41:55 IST" name="Test" finished-at="2019-09-10T19:42:04 IST" duration-ms="8207">
      <class name="AceInvoice.SignIn">
        <test-method is-config="true" signature="beforeClass()[pri:0, instance:AceInvoice.SignIn@5851bd4f]" started-at="2019-09-10T19:41:55 IST" name="beforeClass" finished-at="2019-09-10T19:41:55 IST" duration-ms="46" status="PASS">
          <reporter-output>
          </reporter-output>
        </test-method> <!-- beforeClass -->
        <test-method signature="signIn()[pri:1, instance:AceInvoice.SignIn@5851bd4f]" started-at="2019-09-10T19:41:55 IST" name="signIn" finished-at="2019-09-10T19:41:58 IST" duration-ms="2953" status="PASS">
          <reporter-output>
          </reporter-output>
        </test-method> <!-- signIn -->
        <test-method signature="CreateAccount()[pri:2, instance:AceInvoice.SignIn@5851bd4f]" started-at="2019-09-10T19:41:58 IST" name="CreateAccount" finished-at="2019-09-10T19:42:02 IST" duration-ms="3604" status="PASS">
          <reporter-output>
          </reporter-output>
        </test-method> <!-- CreateAccount -->
        <test-method signature="verifyAccount()[pri:3, instance:AceInvoice.SignIn@5851bd4f]" started-at="2019-09-10T19:42:02 IST" name="verifyAccount" finished-at="2019-09-10T19:42:04 IST" duration-ms="1577" status="PASS">
          <reporter-output>
          </reporter-output>
        </test-method> <!-- verifyAccount -->
        <test-method is-config="true" signature="afterClass()[pri:0, instance:AceInvoice.SignIn@5851bd4f]" started-at="2019-09-10T19:42:04 IST" name="afterClass" finished-at="2019-09-10T19:42:04 IST" duration-ms="1" status="PASS">
          <reporter-output>
          </reporter-output>
        </test-method> <!-- afterClass -->
      </class> <!-- AceInvoice.SignIn -->
    </test> <!-- Test -->
  </suite> <!-- Suite -->
</testng-results>
